<?xml version="1.0" encoding="UTF-8"?>
<!-- Generated by org.testng.reporters.JUnitXMLReporter -->
<testsuite ignored="0" hostname="Dhinesh" failures="0" tests="5" name="Default test" time="19.708" errors="0" timestamp="2024-03-02T18:30:59 IST">
  <testcase classname="com.tests.ForgotPasswordTest" name="TC_FPP_01" time="1.973"/>
  <testcase classname="com.tests.ForgotPasswordTest" name="TC_FPP_02" time="2.271"/>
  <testcase classname="com.tests.ForgotPasswordTest" name="TC_FPP_03" time="2.239"/>
  <testcase classname="com.tests.ForgotPasswordTest" name="TC_FPP_04" time="2.06"/>
  <testcase classname="com.tests.ForgotPasswordTest" name="TC_FPP_05" time="2.073"/>
</testsuite> <!-- Default test -->
